0 info it worked if it ends with ok
1 verbose cli [ '/Users/yang/.nvm/versions/node/v6.11.2/bin/node',
1 verbose cli   '/Users/yang/.nvm/versions/node/v6.11.2/bin/npm',
1 verbose cli   'run',
1 verbose cli   'build' ]
2 info using npm@3.10.10
3 info using node@v6.11.2
4 verbose run-script [ 'prebuild', 'build', 'postbuild' ]
5 info lifecycle youngdi@1.0.0~prebuild: youngdi@1.0.0
6 silly lifecycle youngdi@1.0.0~prebuild: no script for prebuild, continuing
7 info lifecycle youngdi@1.0.0~build: youngdi@1.0.0
8 verbose lifecycle youngdi@1.0.0~build: unsafe-perm in lifecycle true
9 verbose lifecycle youngdi@1.0.0~build: PATH: /Users/yang/.nvm/versions/node/v6.11.2/lib/node_modules/npm/bin/node-gyp-bin:/Users/yang/Documents/youngdi.github.io/node_modules/.bin:/Users/yang/.nvm/versions/node/v6.11.2/bin:/Users/yang/google-cloud-sdk/bin:/usr/local/bin:/usr/bin:/bin:/usr/sbin:/sbin:/Applications/Wireshark.app/Contents/MacOS:/Users/yang/Library/Android/sdk/tools:/Users/yang/Library/Android/sdk/platform-tools:/Users/yang/Library/Android/sdk/tools:/Users/yang/Library/Android/sdk/platform-tools
10 verbose lifecycle youngdi@1.0.0~build: CWD: /Users/yang/Documents/youngdi.github.io
11 silly lifecycle youngdi@1.0.0~build: Args: [ '-c', 'webpack -p' ]
12 silly lifecycle youngdi@1.0.0~build: Returned: code: 2  signal: null
13 info lifecycle youngdi@1.0.0~build: Failed to exec build script
14 verbose stack Error: youngdi@1.0.0 build: `webpack -p`
14 verbose stack Exit status 2
14 verbose stack     at EventEmitter.<anonymous> (/Users/yang/.nvm/versions/node/v6.11.2/lib/node_modules/npm/lib/utils/lifecycle.js:255:16)
14 verbose stack     at emitTwo (events.js:106:13)
14 verbose stack     at EventEmitter.emit (events.js:191:7)
14 verbose stack     at ChildProcess.<anonymous> (/Users/yang/.nvm/versions/node/v6.11.2/lib/node_modules/npm/lib/utils/spawn.js:40:14)
14 verbose stack     at emitTwo (events.js:106:13)
14 verbose stack     at ChildProcess.emit (events.js:191:7)
14 verbose stack     at maybeClose (internal/child_process.js:891:16)
14 verbose stack     at Process.ChildProcess._handle.onexit (internal/child_process.js:226:5)
15 verbose pkgid youngdi@1.0.0
16 verbose cwd /Users/yang/Documents/youngdi.github.io
17 error Darwin 17.0.0
18 error argv "/Users/yang/.nvm/versions/node/v6.11.2/bin/node" "/Users/yang/.nvm/versions/node/v6.11.2/bin/npm" "run" "build"
19 error node v6.11.2
20 error npm  v3.10.10
21 error code ELIFECYCLE
22 error youngdi@1.0.0 build: `webpack -p`
22 error Exit status 2
23 error Failed at the youngdi@1.0.0 build script 'webpack -p'.
23 error Make sure you have the latest version of node.js and npm installed.
23 error If you do, this is most likely a problem with the youngdi package,
23 error not with npm itself.
23 error Tell the author that this fails on your system:
23 error     webpack -p
23 error You can get information on how to open an issue for this project with:
23 error     npm bugs youngdi
23 error Or if that isn't available, you can get their info via:
23 error     npm owner ls youngdi
23 error There is likely additional logging output above.
24 verbose exit [ 1, true ]
